2024-09-18 03:07:59.257 [main]  [34mINFO [0;39m o.h.jpa.internal.util.LogHelper - HHH000204: Processing PersistenceUnitInfo [name: default]HHH000204: Processing PersistenceUnitInfo [name: default]2024-09-18 03:07:59.331 [main]  [34mINFO [0;39m org.hibernate.Version - HHH000412: Hibernate ORM core version 6.4.4.FinalHHH000412: Hibernate ORM core version 6.4.4.Final2024-09-18 03:07:59.382 [main]  [34mINFO [0;39m o.h.c.i.RegionFactoryInitiator - HHH000026: Second-level cache disabledHHH000026: Second-level cache disabled2024-09-18 03:08:00.139 [main]  [31mWARN [0;39m org.hibernate.orm.deprecation - HHH90000025: PostgreSQLDialect does not need to be specified explicitly using 'hibernate.dialect' (remove the property setting and it will be selected by default)HHH90000025: PostgreSQLDialect does not need to be specified explicitly using 'hibernate.dialect' (remove the property setting and it will be selected by default)2024-09-18 03:08:02.386 [main]  [34mINFO [0;39m o.h.e.t.j.p.i.JtaPlatformInitiator - HHH000489: No JTA platform available (set 'hibernate.transaction.jta.platform' to enable JTA platform integration)HHH000489: No JTA platform available (set 'hibernate.transaction.jta.platform' to enable JTA platform integration)2024-09-18 03:08:02.750 [main]  [34mINFO [0;39m o.h.jpa.internal.util.LogHelper - HHH000204: Processing PersistenceUnitInfo [name: default]HHH000204: Processing PersistenceUnitInfo [name: default]2024-09-18 03:08:02.799 [main]  [34mINFO [0;39m o.h.c.i.RegionFactoryInitiator - HHH000026: Second-level cache disabledHHH000026: Second-level cache disabled2024-09-18 03:08:02.978 [main]  [31mWARN [0;39m org.hibernate.orm.deprecation - HHH90000025: PostgreSQLDialect does not need to be specified explicitly using 'hibernate.dialect' (remove the property setting and it will be selected by default)HHH90000025: PostgreSQLDialect does not need to be specified explicitly using 'hibernate.dialect' (remove the property setting and it will be selected by default)2024-09-18 03:08:03.204 [main]  [34mINFO [0;39m o.h.e.t.j.p.i.JtaPlatformInitiator - HHH000489: No JTA platform available (set 'hibernate.transaction.jta.platform' to enable JTA platform integration)HHH000489: No JTA platform available (set 'hibernate.transaction.jta.platform' to enable JTA platform integration)2024-09-18 03:08:04.982 [main]  [31mWARN [0;39m s.a.a.p.internal.ProfileFileReader - Ignoring profile 'profile us-west-2-767132843953-custom_role' on line 16 because it was not alphanumeric with only these special characters: - / . % @ _ : +Ignoring profile 'profile us-west-2-767132843953-custom_role' on line 16 because it was not alphanumeric with only these special characters: - / . % @ _ : +2024-09-18 03:08:04.984 [main]  [31mWARN [0;39m s.a.a.p.internal.ProfileFileReader - Ignoring profile 'maps-log-replay' on line 6 because it did not start with 'profile ' and it was not 'default'.Ignoring profile 'maps-log-replay' on line 6 because it did not start with 'profile ' and it was not 'default'.2024-09-18 03:08:05.914 [main]  [34mINFO [0;39m o.s.s.web.DefaultSecurityFilterChain - Will secure any request with [org.springframework.security.web.session.DisableEncodeUrlFilter@2d33c200, org.springframework.security.web.context.request.async.WebAsyncManagerIntegrationFilter@3506d61e, org.springframework.security.web.context.SecurityContextHolderFilter@40fd6931, org.springframework.security.web.header.HeaderWriterFilter@56961786, org.springframework.web.filter.CorsFilter@b1d3434, org.springframework.security.web.authentication.logout.LogoutFilter@2f258c95, com.zendrive.api.rest.filter.slf4j.Slf4jMdcRequestIdFilter@1, com.zendrive.api.rest.filter.JwtAuthenticationFilter@53e7ef2d, com.zendrive.api.rest.filter.slf4j.Slf4jMdcUserIdFilter@1, org.springframework.security.web.savedrequest.RequestCacheAwareFilter@2b12488, org.springframework.security.web.servletapi.SecurityContextHolderAwareRequestFilter@4fc1ee1e, org.springframework.security.web.authentication.AnonymousAuthenticationFilter@4ab317b6, org.springframework.security.web.session.SessionManagementFilter@3141db11, org.springframework.security.web.access.ExceptionTranslationFilter@314b2d29, org.springframework.security.web.access.intercept.AuthorizationFilter@70cd0c14]Will secure any request with [org.springframework.security.web.session.DisableEncodeUrlFilter@2d33c200, org.springframework.security.web.context.request.async.WebAsyncManagerIntegrationFilter@3506d61e, org.springframework.security.web.context.SecurityContextHolderFilter@40fd6931, org.springframework.security.web.header.HeaderWriterFilter@56961786, org.springframework.web.filter.CorsFilter@b1d3434, org.springframework.security.web.authentication.logout.LogoutFilter@2f258c95, com.zendrive.api.rest.filter.slf4j.Slf4jMdcRequestIdFilter@1, com.zendrive.api.rest.filter.JwtAuthenticationFilter@53e7ef2d, com.zendrive.api.rest.filter.slf4j.Slf4jMdcUserIdFilter@1, org.springframework.security.web.savedrequest.RequestCacheAwareFilter@2b12488, org.springframework.security.web.servletapi.SecurityContextHolderAwareRequestFilter@4fc1ee1e, org.springframework.security.web.authentication.AnonymousAuthenticationFilter@4ab317b6, org.springframework.security.web.session.SessionManagementFilter@3141db11, org.springframework.security.web.access.ExceptionTranslationFilter@314b2d29, org.springframework.security.web.access.intercept.AuthorizationFilter@70cd0c14]2024-09-18 03:08:20.916 [main]  [34mINFO [0;39m o.h.jpa.internal.util.LogHelper - HHH000204: Processing PersistenceUnitInfo [name: default]
2024-09-18 03:08:20.983 [main]  [34mINFO [0;39m org.hibernate.Version - HHH000412: Hibernate ORM core version 6.4.4.Final
2024-09-18 03:08:21.031 [main]  [34mINFO [0;39m o.h.c.i.RegionFactoryInitiator - HHH000026: Second-level cache disabled
2024-09-18 03:08:21.698 [main]  [31mWARN [0;39m org.hibernate.orm.deprecation - HHH90000025: PostgreSQLDialect does not need to be specified explicitly using 'hibernate.dialect' (remove the property setting and it will be selected by default)
2024-09-18 03:08:22.916 [main]  [34mINFO [0;39m o.h.e.t.j.p.i.JtaPlatformInitiator - HHH000489: No JTA platform available (set 'hibernate.transaction.jta.platform' to enable JTA platform integration)
2024-09-18 03:08:23.152 [main]  [34mINFO [0;39m o.h.jpa.internal.util.LogHelper - HHH000204: Processing PersistenceUnitInfo [name: default]
2024-09-18 03:08:23.178 [main]  [34mINFO [0;39m o.h.c.i.RegionFactoryInitiator - HHH000026: Second-level cache disabled
2024-09-18 03:08:23.333 [main]  [31mWARN [0;39m org.hibernate.orm.deprecation - HHH90000025: PostgreSQLDialect does not need to be specified explicitly using 'hibernate.dialect' (remove the property setting and it will be selected by default)
2024-09-18 03:08:23.537 [main]  [34mINFO [0;39m o.h.e.t.j.p.i.JtaPlatformInitiator - HHH000489: No JTA platform available (set 'hibernate.transaction.jta.platform' to enable JTA platform integration)
2024-09-18 03:08:25.297 [main]  [31mWARN [0;39m s.a.a.p.internal.ProfileFileReader - Ignoring profile 'profile us-west-2-767132843953-custom_role' on line 16 because it was not alphanumeric with only these special characters: - / . % @ _ : +
2024-09-18 03:08:25.302 [main]  [31mWARN [0;39m s.a.a.p.internal.ProfileFileReader - Ignoring profile 'maps-log-replay' on line 6 because it did not start with 'profile ' and it was not 'default'.
2024-09-18 03:08:26.178 [main]  [34mINFO [0;39m o.s.s.web.DefaultSecurityFilterChain - Will secure any request with [org.springframework.security.web.session.DisableEncodeUrlFilter@b1d3434, org.springframework.security.web.context.request.async.WebAsyncManagerIntegrationFilter@4ab317b6, org.springframework.security.web.context.SecurityContextHolderFilter@2b12488, org.springframework.security.web.header.HeaderWriterFilter@6397fa6e, org.springframework.web.filter.CorsFilter@79a3ff22, org.springframework.security.web.authentication.logout.LogoutFilter@9d1788c, com.zendrive.api.rest.filter.slf4j.Slf4jMdcRequestIdFilter@1, com.zendrive.api.rest.filter.JwtAuthenticationFilter@4193b8a5, com.zendrive.api.rest.filter.slf4j.Slf4jMdcUserIdFilter@1, org.springframework.security.web.savedrequest.RequestCacheAwareFilter@64deb236, org.springframework.security.web.servletapi.SecurityContextHolderAwareRequestFilter@467ce50a, org.springframework.security.web.authentication.AnonymousAuthenticationFilter@7a16602e, org.springframework.security.web.session.SessionManagementFilter@4f405fa7, org.springframework.security.web.access.ExceptionTranslationFilter@56961786, org.springframework.security.web.access.intercept.AuthorizationFilter@5482bdbc]
2024-09-18 03:09:00.775 [http-nio-9999-exec-1]  [34mINFO [0;39m o.s.web.servlet.DispatcherServlet - Initializing Servlet 'dispatcherServlet'
2024-09-18 03:09:00.817 [http-nio-9999-exec-1]  [34mINFO [0;39m o.s.web.servlet.DispatcherServlet - Completed initialization in 35 ms
2024-09-18 03:09:00.932 [http-nio-9999-exec-1]  [39mDEBUG[0;39m o.s.security.web.FilterChainProxy - Securing OPTIONS /v1/task/running
2024-09-18 03:09:01.013 [http-nio-9999-exec-2]  [39mDEBUG[0;39m o.s.security.web.FilterChainProxy - Securing GET /v1/task/running
2024-09-18 03:09:01.391 [http-nio-9999-exec-2] 6dc23856-c804-464a-bfb2-216a98668545: [39mDEBUG[0;39m o.h.s.results.internal.ResultsHelper - Collection fully initialized: [com.zendrive.api.core.model.dao.pgdb.user.User.roles#4]
2024-09-18 03:09:01.401 [http-nio-9999-exec-2] 6dc23856-c804-464a-bfb2-216a98668545: [39mDEBUG[0;39m o.h.s.results.internal.ResultsHelper - Collection fully initialized: [com.zendrive.api.core.model.dao.pgdb.user.User.favorites#4]
2024-09-18 03:09:01.434 [http-nio-9999-exec-2] 6dc23856-c804-464a-bfb2-216a98668545:4 [39mDEBUG[0;39m o.s.security.web.FilterChainProxy - Secured GET /v1/task/running
2024-09-18 03:09:01.557 [http-nio-9999-exec-3]  [39mDEBUG[0;39m o.s.security.web.FilterChainProxy - Securing OPTIONS /v1/metafile/tree/root
2024-09-18 03:09:01.603 [http-nio-9999-exec-4]  [39mDEBUG[0;39m o.s.security.web.FilterChainProxy - Securing GET /v1/metafile/tree/root
2024-09-18 03:09:01.624 [http-nio-9999-exec-4] bd2e06d3-4db1-4d97-a1c0-cb57ad34b659: [39mDEBUG[0;39m o.h.s.results.internal.ResultsHelper - Collection fully initialized: [com.zendrive.api.core.model.dao.pgdb.user.User.roles#4]
2024-09-18 03:09:01.643 [http-nio-9999-exec-4] bd2e06d3-4db1-4d97-a1c0-cb57ad34b659: [39mDEBUG[0;39m o.h.s.results.internal.ResultsHelper - Collection fully initialized: [com.zendrive.api.core.model.dao.pgdb.user.User.favorites#4]
2024-09-18 03:09:01.650 [http-nio-9999-exec-4] bd2e06d3-4db1-4d97-a1c0-cb57ad34b659:4 [39mDEBUG[0;39m o.s.security.web.FilterChainProxy - Secured GET /v1/metafile/tree/root
2024-09-18 03:09:02.429 [http-nio-9999-exec-7]  [39mDEBUG[0;39m o.s.security.web.FilterChainProxy - Securing OPTIONS /v1/task/running
2024-09-18 03:09:02.438 [http-nio-9999-exec-8]  [39mDEBUG[0;39m o.s.security.web.FilterChainProxy - Securing GET /v1/task/running
2024-09-18 03:09:02.458 [http-nio-9999-exec-8] 28e7a579-c327-4389-a23e-4396538648bb: [39mDEBUG[0;39m o.h.s.results.internal.ResultsHelper - Collection fully initialized: [com.zendrive.api.core.model.dao.pgdb.user.User.roles#4]
2024-09-18 03:09:02.460 [http-nio-9999-exec-8] 28e7a579-c327-4389-a23e-4396538648bb: [39mDEBUG[0;39m o.h.s.results.internal.ResultsHelper - Collection fully initialized: [com.zendrive.api.core.model.dao.pgdb.user.User.favorites#4]
2024-09-18 03:09:02.466 [http-nio-9999-exec-8] 28e7a579-c327-4389-a23e-4396538648bb:4 [39mDEBUG[0;39m o.s.security.web.FilterChainProxy - Secured GET /v1/task/running
2024-09-18 03:09:07.900 [http-nio-9999-exec-10]  [39mDEBUG[0;39m o.s.security.web.FilterChainProxy - Securing OPTIONS /v1/task/running
2024-09-18 03:09:07.907 [http-nio-9999-exec-1]  [39mDEBUG[0;39m o.s.security.web.FilterChainProxy - Securing GET /v1/task/running
2024-09-18 03:09:07.954 [http-nio-9999-exec-1] de5ad027-41a0-4ae7-82fd-c9598e35fd84: [39mDEBUG[0;39m o.h.s.results.internal.ResultsHelper - Collection fully initialized: [com.zendrive.api.core.model.dao.pgdb.user.User.roles#4]
2024-09-18 03:09:07.959 [http-nio-9999-exec-1] de5ad027-41a0-4ae7-82fd-c9598e35fd84: [39mDEBUG[0;39m o.h.s.results.internal.ResultsHelper - Collection fully initialized: [com.zendrive.api.core.model.dao.pgdb.user.User.favorites#4]
2024-09-18 03:09:07.966 [http-nio-9999-exec-1] de5ad027-41a0-4ae7-82fd-c9598e35fd84:4 [39mDEBUG[0;39m o.s.security.web.FilterChainProxy - Secured GET /v1/task/running
2024-09-18 03:09:12.854 [http-nio-9999-exec-2]  [39mDEBUG[0;39m o.s.security.web.FilterChainProxy - Securing OPTIONS /v1/task/running
2024-09-18 03:09:12.862 [http-nio-9999-exec-4]  [39mDEBUG[0;39m o.s.security.web.FilterChainProxy - Securing GET /v1/task/running
2024-09-18 03:09:12.884 [http-nio-9999-exec-4] acfa0369-073a-4eea-88c4-91752fc93222: [39mDEBUG[0;39m o.h.s.results.internal.ResultsHelper - Collection fully initialized: [com.zendrive.api.core.model.dao.pgdb.user.User.roles#4]
2024-09-18 03:09:12.889 [http-nio-9999-exec-4] acfa0369-073a-4eea-88c4-91752fc93222: [39mDEBUG[0;39m o.h.s.results.internal.ResultsHelper - Collection fully initialized: [com.zendrive.api.core.model.dao.pgdb.user.User.favorites#4]
2024-09-18 03:09:12.895 [http-nio-9999-exec-4] acfa0369-073a-4eea-88c4-91752fc93222:4 [39mDEBUG[0;39m o.s.security.web.FilterChainProxy - Secured GET /v1/task/running
2024-09-18 03:09:17.980 [http-nio-9999-exec-6]  [39mDEBUG[0;39m o.s.security.web.FilterChainProxy - Securing OPTIONS /v1/task/running
2024-09-18 03:09:18.031 [http-nio-9999-exec-7]  [39mDEBUG[0;39m o.s.security.web.FilterChainProxy - Securing GET /v1/task/running
2024-09-18 03:09:18.080 [http-nio-9999-exec-7] 84ffc48e-51ea-4470-8d6a-c3c249e33877: [39mDEBUG[0;39m o.h.s.results.internal.ResultsHelper - Collection fully initialized: [com.zendrive.api.core.model.dao.pgdb.user.User.roles#4]
2024-09-18 03:09:18.083 [http-nio-9999-exec-7] 84ffc48e-51ea-4470-8d6a-c3c249e33877: [39mDEBUG[0;39m o.h.s.results.internal.ResultsHelper - Collection fully initialized: [com.zendrive.api.core.model.dao.pgdb.user.User.favorites#4]
2024-09-18 03:09:18.086 [http-nio-9999-exec-7] 84ffc48e-51ea-4470-8d6a-c3c249e33877:4 [39mDEBUG[0;39m o.s.security.web.FilterChainProxy - Secured GET /v1/task/running
2024-09-18 03:09:22.415 [http-nio-9999-exec-9]  [39mDEBUG[0;39m o.s.security.web.FilterChainProxy - Securing OPTIONS /v1/task/running
2024-09-18 03:09:22.436 [http-nio-9999-exec-10]  [39mDEBUG[0;39m o.s.security.web.FilterChainProxy - Securing GET /v1/task/running
2024-09-18 03:09:22.449 [http-nio-9999-exec-10] fc52ca58-0654-4538-b86a-c3c7bdf01045: [39mDEBUG[0;39m o.h.s.results.internal.ResultsHelper - Collection fully initialized: [com.zendrive.api.core.model.dao.pgdb.user.User.roles#4]
2024-09-18 03:09:22.451 [http-nio-9999-exec-10] fc52ca58-0654-4538-b86a-c3c7bdf01045: [39mDEBUG[0;39m o.h.s.results.internal.ResultsHelper - Collection fully initialized: [com.zendrive.api.core.model.dao.pgdb.user.User.favorites#4]
2024-09-18 03:09:22.460 [http-nio-9999-exec-10] fc52ca58-0654-4538-b86a-c3c7bdf01045:4 [39mDEBUG[0;39m o.s.security.web.FilterChainProxy - Secured GET /v1/task/running
2024-09-18 03:09:27.862 [http-nio-9999-exec-3]  [39mDEBUG[0;39m o.s.security.web.FilterChainProxy - Securing OPTIONS /v1/task/running
2024-09-18 03:09:27.867 [http-nio-9999-exec-2]  [39mDEBUG[0;39m o.s.security.web.FilterChainProxy - Securing GET /v1/task/running
2024-09-18 03:09:27.882 [http-nio-9999-exec-2] 30b3f39d-21ca-4335-a113-4a0a9f35185d: [39mDEBUG[0;39m o.h.s.results.internal.ResultsHelper - Collection fully initialized: [com.zendrive.api.core.model.dao.pgdb.user.User.roles#4]
2024-09-18 03:09:27.884 [http-nio-9999-exec-2] 30b3f39d-21ca-4335-a113-4a0a9f35185d: [39mDEBUG[0;39m o.h.s.results.internal.ResultsHelper - Collection fully initialized: [com.zendrive.api.core.model.dao.pgdb.user.User.favorites#4]
2024-09-18 03:09:27.887 [http-nio-9999-exec-2] 30b3f39d-21ca-4335-a113-4a0a9f35185d:4 [39mDEBUG[0;39m o.s.security.web.FilterChainProxy - Secured GET /v1/task/running
2024-09-18 03:09:32.863 [http-nio-9999-exec-5]  [39mDEBUG[0;39m o.s.security.web.FilterChainProxy - Securing OPTIONS /v1/task/running
2024-09-18 03:09:32.870 [http-nio-9999-exec-6]  [39mDEBUG[0;39m o.s.security.web.FilterChainProxy - Securing GET /v1/task/running
2024-09-18 03:09:32.892 [http-nio-9999-exec-6] 93e13113-5d44-48cd-b107-0f985bdef8fc: [39mDEBUG[0;39m o.h.s.results.internal.ResultsHelper - Collection fully initialized: [com.zendrive.api.core.model.dao.pgdb.user.User.roles#4]
2024-09-18 03:09:32.894 [http-nio-9999-exec-6] 93e13113-5d44-48cd-b107-0f985bdef8fc: [39mDEBUG[0;39m o.h.s.results.internal.ResultsHelper - Collection fully initialized: [com.zendrive.api.core.model.dao.pgdb.user.User.favorites#4]
2024-09-18 03:09:32.900 [http-nio-9999-exec-6] 93e13113-5d44-48cd-b107-0f985bdef8fc:4 [39mDEBUG[0;39m o.s.security.web.FilterChainProxy - Secured GET /v1/task/running
2024-09-18 03:09:37.853 [http-nio-9999-exec-8]  [39mDEBUG[0;39m o.s.security.web.FilterChainProxy - Securing OPTIONS /v1/task/running
2024-09-18 03:09:37.859 [http-nio-9999-exec-9]  [39mDEBUG[0;39m o.s.security.web.FilterChainProxy - Securing GET /v1/task/running
2024-09-18 03:09:37.881 [http-nio-9999-exec-9] 07d1f305-1069-4a82-b1ea-3281f4ec3bbd: [39mDEBUG[0;39m o.h.s.results.internal.ResultsHelper - Collection fully initialized: [com.zendrive.api.core.model.dao.pgdb.user.User.roles#4]
2024-09-18 03:09:37.883 [http-nio-9999-exec-9] 07d1f305-1069-4a82-b1ea-3281f4ec3bbd: [39mDEBUG[0;39m o.h.s.results.internal.ResultsHelper - Collection fully initialized: [com.zendrive.api.core.model.dao.pgdb.user.User.favorites#4]
2024-09-18 03:09:37.886 [http-nio-9999-exec-9] 07d1f305-1069-4a82-b1ea-3281f4ec3bbd:4 [39mDEBUG[0;39m o.s.security.web.FilterChainProxy - Secured GET /v1/task/running
2024-09-18 03:09:46.617 [main]  [34mINFO [0;39m o.h.jpa.internal.util.LogHelper - HHH000204: Processing PersistenceUnitInfo [name: default]
2024-09-18 03:09:46.678 [main]  [34mINFO [0;39m org.hibernate.Version - HHH000412: Hibernate ORM core version 6.4.4.Final
2024-09-18 03:09:46.722 [main]  [34mINFO [0;39m o.h.c.i.RegionFactoryInitiator - HHH000026: Second-level cache disabled
2024-09-18 03:09:47.444 [main]  [31mWARN [0;39m org.hibernate.orm.deprecation - HHH90000025: PostgreSQLDialect does not need to be specified explicitly using 'hibernate.dialect' (remove the property setting and it will be selected by default)
2024-09-18 03:09:48.606 [main]  [34mINFO [0;39m o.h.e.t.j.p.i.JtaPlatformInitiator - HHH000489: No JTA platform available (set 'hibernate.transaction.jta.platform' to enable JTA platform integration)
2024-09-18 03:09:48.836 [main]  [34mINFO [0;39m o.h.jpa.internal.util.LogHelper - HHH000204: Processing PersistenceUnitInfo [name: default]
2024-09-18 03:09:48.863 [main]  [34mINFO [0;39m o.h.c.i.RegionFactoryInitiator - HHH000026: Second-level cache disabled
2024-09-18 03:09:49.023 [main]  [31mWARN [0;39m org.hibernate.orm.deprecation - HHH90000025: PostgreSQLDialect does not need to be specified explicitly using 'hibernate.dialect' (remove the property setting and it will be selected by default)
2024-09-18 03:09:49.218 [main]  [34mINFO [0;39m o.h.e.t.j.p.i.JtaPlatformInitiator - HHH000489: No JTA platform available (set 'hibernate.transaction.jta.platform' to enable JTA platform integration)
2024-09-18 03:09:50.809 [main]  [31mWARN [0;39m s.a.a.p.internal.ProfileFileReader - Ignoring profile 'profile us-west-2-767132843953-custom_role' on line 16 because it was not alphanumeric with only these special characters: - / . % @ _ : +
2024-09-18 03:09:50.812 [main]  [31mWARN [0;39m s.a.a.p.internal.ProfileFileReader - Ignoring profile 'maps-log-replay' on line 6 because it did not start with 'profile ' and it was not 'default'.
2024-09-18 03:09:51.619 [main]  [34mINFO [0;39m o.s.s.web.DefaultSecurityFilterChain - Will secure any request with [org.springframework.security.web.session.DisableEncodeUrlFilter@70d8380, org.springframework.security.web.context.request.async.WebAsyncManagerIntegrationFilter@5275b8c2, org.springframework.security.web.context.SecurityContextHolderFilter@4475b4b1, org.springframework.security.web.header.HeaderWriterFilter@70b11d74, org.springframework.web.filter.CorsFilter@44654cbc, org.springframework.security.web.authentication.logout.LogoutFilter@fb268b, com.zendrive.api.rest.filter.slf4j.Slf4jMdcRequestIdFilter@1, com.zendrive.api.rest.filter.JwtAuthenticationFilter@2dacf052, com.zendrive.api.rest.filter.slf4j.Slf4jMdcUserIdFilter@1, org.springframework.security.web.savedrequest.RequestCacheAwareFilter@46433800, org.springframework.security.web.servletapi.SecurityContextHolderAwareRequestFilter@f3a3210, org.springframework.security.web.authentication.AnonymousAuthenticationFilter@21035eec, org.springframework.security.web.session.SessionManagementFilter@6eeb6ef7, org.springframework.security.web.access.ExceptionTranslationFilter@3d381435, org.springframework.security.web.access.intercept.AuthorizationFilter@10d8beb5]
2024-09-18 03:09:52.543 [http-nio-9999-exec-1]  [34mINFO [0;39m o.s.web.servlet.DispatcherServlet - Initializing Servlet 'dispatcherServlet'
2024-09-18 03:09:52.547 [http-nio-9999-exec-1]  [34mINFO [0;39m o.s.web.servlet.DispatcherServlet - Completed initialization in 3 ms
2024-09-18 03:09:52.909 [http-nio-9999-exec-2] 1b3ca446-a664-4b45-8203-43cc233fefeb: [39mDEBUG[0;39m o.h.s.results.internal.ResultsHelper - Collection fully initialized: [com.zendrive.api.core.model.dao.pgdb.user.User.roles#4]
2024-09-18 03:09:52.917 [http-nio-9999-exec-2] 1b3ca446-a664-4b45-8203-43cc233fefeb: [39mDEBUG[0;39m o.h.s.results.internal.ResultsHelper - Collection fully initialized: [com.zendrive.api.core.model.dao.pgdb.user.User.favorites#4]
2024-09-18 03:09:57.922 [http-nio-9999-exec-4] d824ff91-d695-4405-8e40-1079143eee08: [39mDEBUG[0;39m o.h.s.results.internal.ResultsHelper - Collection fully initialized: [com.zendrive.api.core.model.dao.pgdb.user.User.roles#4]
2024-09-18 03:09:57.932 [http-nio-9999-exec-4] d824ff91-d695-4405-8e40-1079143eee08: [39mDEBUG[0;39m o.h.s.results.internal.ResultsHelper - Collection fully initialized: [com.zendrive.api.core.model.dao.pgdb.user.User.favorites#4]
2024-09-18 03:10:02.912 [http-nio-9999-exec-6] 7a66b1e5-1f2e-4309-ae99-29c4b12d730b: [39mDEBUG[0;39m o.h.s.results.internal.ResultsHelper - Collection fully initialized: [com.zendrive.api.core.model.dao.pgdb.user.User.roles#4]
2024-09-18 03:10:02.916 [http-nio-9999-exec-6] 7a66b1e5-1f2e-4309-ae99-29c4b12d730b: [39mDEBUG[0;39m o.h.s.results.internal.ResultsHelper - Collection fully initialized: [com.zendrive.api.core.model.dao.pgdb.user.User.favorites#4]
2024-09-18 03:10:07.883 [http-nio-9999-exec-8] 7ce5fba4-cc76-48b9-a5be-871d7c9baef6: [39mDEBUG[0;39m o.h.s.results.internal.ResultsHelper - Collection fully initialized: [com.zendrive.api.core.model.dao.pgdb.user.User.roles#4]
2024-09-18 03:10:07.886 [http-nio-9999-exec-8] 7ce5fba4-cc76-48b9-a5be-871d7c9baef6: [39mDEBUG[0;39m o.h.s.results.internal.ResultsHelper - Collection fully initialized: [com.zendrive.api.core.model.dao.pgdb.user.User.favorites#4]
2024-09-18 03:10:12.895 [http-nio-9999-exec-10] 0aaa02e5-f2b3-4734-baa2-f305bdfd9acb: [39mDEBUG[0;39m o.h.s.results.internal.ResultsHelper - Collection fully initialized: [com.zendrive.api.core.model.dao.pgdb.user.User.roles#4]
2024-09-18 03:10:12.907 [http-nio-9999-exec-10] 0aaa02e5-f2b3-4734-baa2-f305bdfd9acb: [39mDEBUG[0;39m o.h.s.results.internal.ResultsHelper - Collection fully initialized: [com.zendrive.api.core.model.dao.pgdb.user.User.favorites#4]
2024-09-18 03:10:17.936 [http-nio-9999-exec-3] 45dcf627-7f3a-4ceb-8b2b-6ec767caa366: [39mDEBUG[0;39m o.h.s.results.internal.ResultsHelper - Collection fully initialized: [com.zendrive.api.core.model.dao.pgdb.user.User.roles#4]
2024-09-18 03:10:17.944 [http-nio-9999-exec-3] 45dcf627-7f3a-4ceb-8b2b-6ec767caa366: [39mDEBUG[0;39m o.h.s.results.internal.ResultsHelper - Collection fully initialized: [com.zendrive.api.core.model.dao.pgdb.user.User.favorites#4]
2024-09-18 03:10:22.882 [http-nio-9999-exec-5] 5d51c57b-b96f-4030-ad52-ac0fa906c4f2: [39mDEBUG[0;39m o.h.s.results.internal.ResultsHelper - Collection fully initialized: [com.zendrive.api.core.model.dao.pgdb.user.User.roles#4]
2024-09-18 03:10:22.887 [http-nio-9999-exec-5] 5d51c57b-b96f-4030-ad52-ac0fa906c4f2: [39mDEBUG[0;39m o.h.s.results.internal.ResultsHelper - Collection fully initialized: [com.zendrive.api.core.model.dao.pgdb.user.User.favorites#4]
2024-09-18 03:10:27.939 [http-nio-9999-exec-8] 58c59a2b-8607-4946-bc2c-11c481fefdac: [39mDEBUG[0;39m o.h.s.results.internal.ResultsHelper - Collection fully initialized: [com.zendrive.api.core.model.dao.pgdb.user.User.roles#4]
2024-09-18 03:10:27.941 [http-nio-9999-exec-8] 58c59a2b-8607-4946-bc2c-11c481fefdac: [39mDEBUG[0;39m o.h.s.results.internal.ResultsHelper - Collection fully initialized: [com.zendrive.api.core.model.dao.pgdb.user.User.favorites#4]
2024-09-18 03:10:32.890 [http-nio-9999-exec-1] 166ba9cc-d66b-412a-914e-bba07f2a738a: [39mDEBUG[0;39m o.h.s.results.internal.ResultsHelper - Collection fully initialized: [com.zendrive.api.core.model.dao.pgdb.user.User.roles#4]
2024-09-18 03:10:32.893 [http-nio-9999-exec-1] 166ba9cc-d66b-412a-914e-bba07f2a738a: [39mDEBUG[0;39m o.h.s.results.internal.ResultsHelper - Collection fully initialized: [com.zendrive.api.core.model.dao.pgdb.user.User.favorites#4]
2024-09-18 03:10:37.874 [http-nio-9999-exec-4] e042305f-0b40-4758-9da4-caddbe89da8d: [39mDEBUG[0;39m o.h.s.results.internal.ResultsHelper - Collection fully initialized: [com.zendrive.api.core.model.dao.pgdb.user.User.roles#4]
2024-09-18 03:10:37.877 [http-nio-9999-exec-4] e042305f-0b40-4758-9da4-caddbe89da8d: [39mDEBUG[0;39m o.h.s.results.internal.ResultsHelper - Collection fully initialized: [com.zendrive.api.core.model.dao.pgdb.user.User.favorites#4]
2024-09-18 03:10:42.868 [http-nio-9999-exec-7] 9aa72bcf-5a00-4bcc-8374-e972c1f1c8a9: [39mDEBUG[0;39m o.h.s.results.internal.ResultsHelper - Collection fully initialized: [com.zendrive.api.core.model.dao.pgdb.user.User.roles#4]
2024-09-18 03:10:42.870 [http-nio-9999-exec-7] 9aa72bcf-5a00-4bcc-8374-e972c1f1c8a9: [39mDEBUG[0;39m o.h.s.results.internal.ResultsHelper - Collection fully initialized: [com.zendrive.api.core.model.dao.pgdb.user.User.favorites#4]
2024-09-18 03:10:47.870 [http-nio-9999-exec-10] 47879ba6-3132-4932-8c6c-cd7d661b1fdc: [39mDEBUG[0;39m o.h.s.results.internal.ResultsHelper - Collection fully initialized: [com.zendrive.api.core.model.dao.pgdb.user.User.roles#4]
2024-09-18 03:10:47.873 [http-nio-9999-exec-10] 47879ba6-3132-4932-8c6c-cd7d661b1fdc: [39mDEBUG[0;39m o.h.s.results.internal.ResultsHelper - Collection fully initialized: [com.zendrive.api.core.model.dao.pgdb.user.User.favorites#4]
2024-09-18 03:10:52.890 [http-nio-9999-exec-3] 2dd28715-1b64-46b0-bd61-7895a8bc3926: [39mDEBUG[0;39m o.h.s.results.internal.ResultsHelper - Collection fully initialized: [com.zendrive.api.core.model.dao.pgdb.user.User.roles#4]
2024-09-18 03:10:52.893 [http-nio-9999-exec-3] 2dd28715-1b64-46b0-bd61-7895a8bc3926: [39mDEBUG[0;39m o.h.s.results.internal.ResultsHelper - Collection fully initialized: [com.zendrive.api.core.model.dao.pgdb.user.User.favorites#4]
2024-09-18 03:11:12.364 [main]  [34mINFO [0;39m [34mo.h.jpa.internal.util.LogHelper[0;39m - HHH000204: Processing PersistenceUnitInfo [name: default]
2024-09-18 03:11:12.448 [main]  [34mINFO [0;39m [34morg.hibernate.Version[0;39m - HHH000412: Hibernate ORM core version 6.4.4.Final
2024-09-18 03:11:12.503 [main]  [34mINFO [0;39m [34mo.h.c.i.RegionFactoryInitiator[0;39m - HHH000026: Second-level cache disabled
2024-09-18 03:11:13.542 [main]  [31mWARN [0;39m [31morg.hibernate.orm.deprecation[0;39m - HHH90000025: PostgreSQLDialect does not need to be specified explicitly using 'hibernate.dialect' (remove the property setting and it will be selected by default)
2024-09-18 03:11:14.751 [main]  [34mINFO [0;39m [34mo.h.e.t.j.p.i.JtaPlatformInitiator[0;39m - HHH000489: No JTA platform available (set 'hibernate.transaction.jta.platform' to enable JTA platform integration)
2024-09-18 03:11:15.005 [main]  [34mINFO [0;39m [34mo.h.jpa.internal.util.LogHelper[0;39m - HHH000204: Processing PersistenceUnitInfo [name: default]
2024-09-18 03:11:15.031 [main]  [34mINFO [0;39m [34mo.h.c.i.RegionFactoryInitiator[0;39m - HHH000026: Second-level cache disabled
2024-09-18 03:11:15.183 [main]  [31mWARN [0;39m [31morg.hibernate.orm.deprecation[0;39m - HHH90000025: PostgreSQLDialect does not need to be specified explicitly using 'hibernate.dialect' (remove the property setting and it will be selected by default)
2024-09-18 03:11:15.444 [main]  [34mINFO [0;39m [34mo.h.e.t.j.p.i.JtaPlatformInitiator[0;39m - HHH000489: No JTA platform available (set 'hibernate.transaction.jta.platform' to enable JTA platform integration)
2024-09-18 03:11:17.646 [main]  [31mWARN [0;39m [31ms.a.a.p.internal.ProfileFileReader[0;39m - Ignoring profile 'profile us-west-2-767132843953-custom_role' on line 16 because it was not alphanumeric with only these special characters: - / . % @ _ : +
2024-09-18 03:11:17.649 [main]  [31mWARN [0;39m [31ms.a.a.p.internal.ProfileFileReader[0;39m - Ignoring profile 'maps-log-replay' on line 6 because it did not start with 'profile ' and it was not 'default'.
2024-09-18 03:11:18.436 [main]  [34mINFO [0;39m [34mo.s.s.web.DefaultSecurityFilterChain[0;39m - Will secure any request with [org.springframework.security.web.session.DisableEncodeUrlFilter@3c810f5c, org.springframework.security.web.context.request.async.WebAsyncManagerIntegrationFilter@6b3fa2ef, org.springframework.security.web.context.SecurityContextHolderFilter@33f909f, org.springframework.security.web.header.HeaderWriterFilter@3141db11, org.springframework.web.filter.CorsFilter@fb268b, org.springframework.security.web.authentication.logout.LogoutFilter@2d33c200, com.zendrive.api.rest.filter.slf4j.Slf4jMdcRequestIdFilter@1, com.zendrive.api.rest.filter.JwtAuthenticationFilter@3d8c55ff, com.zendrive.api.rest.filter.slf4j.Slf4jMdcUserIdFilter@1, org.springframework.security.web.savedrequest.RequestCacheAwareFilter@28ccc769, org.springframework.security.web.servletapi.SecurityContextHolderAwareRequestFilter@506e35b9, org.springframework.security.web.authentication.AnonymousAuthenticationFilter@3b7f8fd5, org.springframework.security.web.session.SessionManagementFilter@3d381435, org.springframework.security.web.access.ExceptionTranslationFilter@2539b745, org.springframework.security.web.access.intercept.AuthorizationFilter@65f653f0]
2024-09-18 03:12:10.997 [http-nio-9999-exec-1]  [34mINFO [0;39m [34mo.s.web.servlet.DispatcherServlet[0;39m - Initializing Servlet 'dispatcherServlet'
2024-09-18 03:12:11.008 [http-nio-9999-exec-1]  [34mINFO [0;39m [34mo.s.web.servlet.DispatcherServlet[0;39m - Completed initialization in 9 ms
2024-09-18 03:13:11.888 [main]  [34mINFO [0;39m [34mo.h.jpa.internal.util.LogHelper[0;39m - HHH000204: Processing PersistenceUnitInfo [name: default]
2024-09-18 03:13:11.953 [main]  [34mINFO [0;39m [34morg.hibernate.Version[0;39m - HHH000412: Hibernate ORM core version 6.4.4.Final
2024-09-18 03:13:11.997 [main]  [34mINFO [0;39m [34mo.h.c.i.RegionFactoryInitiator[0;39m - HHH000026: Second-level cache disabled
2024-09-18 03:13:12.617 [main]  [31mWARN [0;39m [31morg.hibernate.orm.deprecation[0;39m - HHH90000025: PostgreSQLDialect does not need to be specified explicitly using 'hibernate.dialect' (remove the property setting and it will be selected by default)
2024-09-18 03:13:13.812 [main]  [34mINFO [0;39m [34mo.h.e.t.j.p.i.JtaPlatformInitiator[0;39m - HHH000489: No JTA platform available (set 'hibernate.transaction.jta.platform' to enable JTA platform integration)
2024-09-18 03:13:14.027 [main]  [34mINFO [0;39m [34mo.h.jpa.internal.util.LogHelper[0;39m - HHH000204: Processing PersistenceUnitInfo [name: default]
2024-09-18 03:13:14.055 [main]  [34mINFO [0;39m [34mo.h.c.i.RegionFactoryInitiator[0;39m - HHH000026: Second-level cache disabled
2024-09-18 03:13:14.243 [main]  [31mWARN [0;39m [31morg.hibernate.orm.deprecation[0;39m - HHH90000025: PostgreSQLDialect does not need to be specified explicitly using 'hibernate.dialect' (remove the property setting and it will be selected by default)
2024-09-18 03:13:14.499 [main]  [34mINFO [0;39m [34mo.h.e.t.j.p.i.JtaPlatformInitiator[0;39m - HHH000489: No JTA platform available (set 'hibernate.transaction.jta.platform' to enable JTA platform integration)
2024-09-18 03:13:16.110 [main]  [31mWARN [0;39m [31ms.a.a.p.internal.ProfileFileReader[0;39m - Ignoring profile 'profile us-west-2-767132843953-custom_role' on line 16 because it was not alphanumeric with only these special characters: - / . % @ _ : +
2024-09-18 03:13:16.113 [main]  [31mWARN [0;39m [31ms.a.a.p.internal.ProfileFileReader[0;39m - Ignoring profile 'maps-log-replay' on line 6 because it did not start with 'profile ' and it was not 'default'.
2024-09-18 03:13:17.005 [main]  [34mINFO [0;39m [34mo.s.s.web.DefaultSecurityFilterChain[0;39m - Will secure any request with [org.springframework.security.web.session.DisableEncodeUrlFilter@666b19cb, org.springframework.security.web.context.request.async.WebAsyncManagerIntegrationFilter@5482bdbc, org.springframework.security.web.context.SecurityContextHolderFilter@272b4798, org.springframework.security.web.header.HeaderWriterFilter@314b2d29, org.springframework.web.filter.CorsFilter@2d33c200, org.springframework.security.web.authentication.logout.LogoutFilter@6683cf7a, com.zendrive.api.rest.filter.slf4j.Slf4jMdcRequestIdFilter@1, com.zendrive.api.rest.filter.JwtAuthenticationFilter@2540ad71, com.zendrive.api.rest.filter.slf4j.Slf4jMdcUserIdFilter@1, org.springframework.security.web.savedrequest.RequestCacheAwareFilter@40fd6931, org.springframework.security.web.servletapi.SecurityContextHolderAwareRequestFilter@7fdbab6c, org.springframework.security.web.authentication.AnonymousAuthenticationFilter@3506d61e, org.springframework.security.web.session.SessionManagementFilter@2539b745, org.springframework.security.web.access.ExceptionTranslationFilter@2038d1d6, org.springframework.security.web.access.intercept.AuthorizationFilter@1f85abd9]
2024-09-18 03:14:11.130 [http-nio-9999-exec-2]  [34mINFO [0;39m [34mo.s.web.servlet.DispatcherServlet[0;39m - Initializing Servlet 'dispatcherServlet'
2024-09-18 03:14:11.149 [http-nio-9999-exec-2]  [34mINFO [0;39m [34mo.s.web.servlet.DispatcherServlet[0;39m - Completed initialization in 14 ms
